<?xml version="1.0" encoding="UTF-8"?>
<!-- Generated by org.testng.reporters.JUnitXMLReporter -->
<testsuite ignored="0" hostname="IT-C02DR1Q7MD6P" failures="0" tests="6" name="Basic Tests" time="18.184" errors="0" timestamp="2021-06-16T00:28:17 IST">
  <testcase classname="com.trello.tests.TrelloTests" name="createBoardTest" time="3.899"/>
  <testcase classname="com.trello.tests.TrelloTests" name="createCardTest" time="2.761"/>
  <testcase classname="com.trello.tests.TrelloTests" name="createListToDo" time="2.181"/>
  <testcase classname="com.trello.tests.TrelloTests" name="deleteBoardTest" time="1.704"/>
  <testcase classname="com.trello.tests.TrelloTests" name="getBoardDetailsTest" time="2.147"/>
  <testcase classname="com.trello.tests.TrelloTests" name="moveCardTest" time="4.708"/>
</testsuite> <!-- Basic Tests -->
