<?xml version="1.0" encoding="UTF-8"?>
<testng-results ignored="0" total="6" passed="6" failed="0" skipped="0">
  <reporter-output>
  </reporter-output>
  <suite started-at="2021-06-16T00:27:58 IST" name="Trello Regression" finished-at="2021-06-16T00:28:17 IST" duration-ms="18184">
    <groups>
    </groups>
    <test started-at="2021-06-16T00:27:58 IST" name="Basic Tests" finished-at="2021-06-16T00:28:17 IST" duration-ms="18184">
      <class name="com.trello.tests.TrelloTests">
        <test-method is-config="true" signature="initUrl()[pri:0, instance:com.trello.tests.TrelloTests@35636217]" started-at="2021-06-16T00:27:58 IST" name="initUrl" description="Initialize the baseURI for RestAssured class" finished-at="2021-06-16T00:27:59 IST" duration-ms="668" status="PASS">
          <reporter-output>
          </reporter-output>
        </test-method> <!-- initUrl -->
        <test-method signature="createBoardTest()[pri:0, instance:com.trello.tests.TrelloTests@35636217]" started-at="2021-06-16T00:27:59 IST" name="createBoardTest" description="Create a new Board" finished-at="2021-06-16T00:28:03 IST" duration-ms="3899" status="PASS">
          <reporter-output>
          </reporter-output>
        </test-method> <!-- createBoardTest -->
        <test-method signature="createCardTest()[pri:0, instance:com.trello.tests.TrelloTests@35636217]" started-at="2021-06-16T00:28:03 IST" name="createCardTest" description="Create a new Card" finished-at="2021-06-16T00:28:06 IST" duration-ms="2761" status="PASS">
          <reporter-output>
          </reporter-output>
        </test-method> <!-- createCardTest -->
        <test-method signature="createListToDo()[pri:0, instance:com.trello.tests.TrelloTests@35636217]" started-at="2021-06-16T00:28:06 IST" name="createListToDo" description="Create a new List" finished-at="2021-06-16T00:28:08 IST" duration-ms="2181" status="PASS">
          <reporter-output>
          </reporter-output>
        </test-method> <!-- createListToDo -->
        <test-method signature="deleteBoardTest()[pri:0, instance:com.trello.tests.TrelloTests@35636217]" started-at="2021-06-16T00:28:08 IST" name="deleteBoardTest" description="Delete a board" finished-at="2021-06-16T00:28:10 IST" duration-ms="1704" status="PASS">
          <reporter-output>
          </reporter-output>
        </test-method> <!-- deleteBoardTest -->
        <test-method signature="getBoardDetailsTest()[pri:0, instance:com.trello.tests.TrelloTests@35636217]" started-at="2021-06-16T00:28:10 IST" name="getBoardDetailsTest" description="Get Board Details" finished-at="2021-06-16T00:28:12 IST" duration-ms="2147" status="PASS">
          <reporter-output>
          </reporter-output>
        </test-method> <!-- getBoardDetailsTest -->
        <test-method signature="moveCardTest()[pri:0, instance:com.trello.tests.TrelloTests@35636217]" started-at="2021-06-16T00:28:12 IST" name="moveCardTest" description="Move a Card" finished-at="2021-06-16T00:28:16 IST" duration-ms="4708" status="PASS">
          <reporter-output>
          </reporter-output>
        </test-method> <!-- moveCardTest -->
      </class> <!-- com.trello.tests.TrelloTests -->
    </test> <!-- Basic Tests -->
  </suite> <!-- Trello Regression -->
</testng-results>
