<?xml version="1.0" encoding="UTF-8"?>
<testsuite xmlns:xsi="http://www.w3.org/2001/XMLSchema-instance" xsi:noNamespaceSchemaLocation="https://maven.apache.org/surefire/maven-surefire-plugin/xsd/surefire-test-report-3.0.xsd" version="3.0" name="TestSuite" time="19.075" tests="6" errors="0" skipped="0" failures="0">
  <properties>
[...]
</properties>
  <testcase name="createBoardTest" classname="com.trello.tests.TrelloTests" time="3.901"/>
  <testcase name="createCardTest" classname="com.trello.tests.TrelloTests" time="2.762"/>
  <testcase name="createListToDo" classname="com.trello.tests.TrelloTests" time="2.18"/>
  <testcase name="deleteBoardTest" classname="com.trello.tests.TrelloTests" time="1.705"/>
  <testcase name="getBoardDetailsTest" classname="com.trello.tests.TrelloTests" time="2.148"/>
  <testcase name="moveCardTest" classname="com.trello.tests.TrelloTests" time="4.708"/>
</testsuite>